image_recognition/app/build/intermediates/manifest_merge_blame_file/debug/manifest-merger-blame-debug-report.txt
1<?xml version="1.0" encoding="utf-8"?>
2<manifest xmlns:android="http://schemas.android.com/apk/res/android"
3    package="com.google.mlkit.vision.demo"
4    android:installLocation="auto"
5    android:versionCode="11"
6    android:versionName="1.11" >
7    <!--
8 CameraX libraries require minSdkVersion 21, while this quickstart app
9    supports low to 19. Needs to use overrideLibrary to make the merger tool
10    ignore this conflict and import the libraries while keeping the app's lower
11    minSdkVersion value. In code, will check SDK version, before calling CameraX
12    APIs.
13    -->
14    <uses-sdk
14-->src\main\AndroidManifest.xml:12:5-15:63
15        android:minSdkVersion="19"
15-->src\main\AndroidManifest.xml:12:5-15:63
16        android:targetSdkVersion="31" />
16-->src\main\AndroidManifest.xml:12:5-15:63
17
18    <uses-feature
18-->src\main\AndroidManifest.xml:17:5-18:45
19        android:name="android.hardware.camera"
19-->src\main\AndroidManifest.xml:17:19-57
20        android:required="true" />
20-->src\main\AndroidManifest.xml:18:20-43
21    <uses-feature android:name="android.hardware.microphone" />
21-->src\main\AndroidManifest.xml:19:5-63
21-->src\main\AndroidManifest.xml:19:19-61
22
23    <uses-permission android:name="android.permission.BLUETOOTH_CONNECT" />
23-->src\main\AndroidManifest.xml:21:5-76
23-->src\main\AndroidManifest.xml:21:22-73
24    <uses-permission android:name="android.permission.BLUETOOTH_SCAN" />
24-->src\main\AndroidManifest.xml:22:5-73
24-->src\main\AndroidManifest.xml:22:22-70
25    <uses-permission android:name="android.permission.BLUETOOTH" />
25-->src\main\AndroidManifest.xml:23:5-68
25-->src\main\AndroidManifest.xml:23:22-65
26    <uses-permission android:name="android.permission.BLUETOOTH_ADMIN" />
26-->src\main\AndroidManifest.xml:24:5-74
26-->src\main\AndroidManifest.xml:24:22-71
27    <uses-permission android:name="android.permission.INTERNET" />
27-->src\main\AndroidManifest.xml:25:5-66
27-->src\main\AndroidManifest.xml:25:22-64
28    <uses-permission android:name="android.permission.WRITE_EXTERNAL_STORAGE" />
28-->src\main\AndroidManifest.xml:26:5-80
28-->src\main\AndroidManifest.xml:26:22-78
29    <uses-permission android:name="android.permission.READ_EXTERNAL_STORAGE" />
29-->src\main\AndroidManifest.xml:27:5-79
29-->src\main\AndroidManifest.xml:27:22-77
30    <uses-permission android:name="android.permission.CAMERA" />
30-->src\main\AndroidManifest.xml:28:5-64
30-->src\main\AndroidManifest.xml:28:22-62
31    <uses-permission android:name="android.permission.RECORD_AUDIO" />
31-->src\main\AndroidManifest.xml:29:5-70
31-->src\main\AndroidManifest.xml:29:22-68
32
33    <queries>
33-->src\main\AndroidManifest.xml:102:5-106:15
34        <intent>
34-->src\main\AndroidManifest.xml:103:9-105:18
35            <action android:name="android.media.action.IMAGE_CAPTURE" />
35-->src\main\AndroidManifest.xml:104:13-73
35-->src\main\AndroidManifest.xml:104:21-70
36        </intent>
37    </queries>
38
39    <!-- For remote config -->
40    <uses-permission android:name="android.permission.ACCESS_NETWORK_STATE" />
40-->[com.google.mlkit:object-detection:16.2.8] AndroidManifest.xml:7:5-79
40-->[com.google.mlkit:object-detection:16.2.8] AndroidManifest.xml:7:22-76
41
42    <application
42-->src\main\AndroidManifest.xml:31:5-101:19
43        android:name="androidx.multidex.MultiDexApplication"
43-->src\main\AndroidManifest.xml:32:9-61
44        android:appComponentFactory="androidx.core.app.CoreComponentFactory"
44-->[androidx.core:core:1.3.1] AndroidManifest.xml:24:18-86
45        android:debuggable="true"
46        android:icon="@drawable/logo_mlkit"
46-->src\main\AndroidManifest.xml:33:9-44
47        android:label="@string/app_name"
47-->src\main\AndroidManifest.xml:34:9-41
48        android:testOnly="true"
49        android:theme="@style/Theme.AppCompat" >
49-->src\main\AndroidManifest.xml:35:9-47
50        <meta-data
50-->src\main\AndroidManifest.xml:37:9-39:68
51            android:name="com.google.android.gms.version"
51-->src\main\AndroidManifest.xml:38:13-58
52            android:value="@integer/google_play_services_version" />
52-->src\main\AndroidManifest.xml:39:13-66
53
54        <!--
55          Optional: Add it to automatically download ML model to device after
56          your app is installed.
57        -->
58        <meta-data
58-->src\main\AndroidManifest.xml:43:9-45:62
59            android:name="com.google.mlkit.vision.DEPENDENCIES"
59-->src\main\AndroidManifest.xml:44:13-64
60            android:value="barcode,face,ocr,ica,custom_ica" />
60-->src\main\AndroidManifest.xml:45:13-60
61
62        <activity
62-->src\main\AndroidManifest.xml:47:9-55:20
63            android:name="com.google.mlkit.vision.demo.EntryChoiceActivity"
63-->src\main\AndroidManifest.xml:48:13-48
64            android:exported="true"
64-->src\main\AndroidManifest.xml:49:13-36
65            android:theme="@style/AppTheme" >
65-->src\main\AndroidManifest.xml:50:13-44
66            <intent-filter>
66-->src\main\AndroidManifest.xml:51:13-54:29
67                <action android:name="android.intent.action.MAIN" />
67-->src\main\AndroidManifest.xml:52:17-68
67-->src\main\AndroidManifest.xml:52:25-66
68
69                <category android:name="android.intent.category.LAUNCHER" />
69-->src\main\AndroidManifest.xml:53:17-76
69-->src\main\AndroidManifest.xml:53:27-74
70            </intent-filter>
71        </activity>
72        <activity
72-->src\main\AndroidManifest.xml:57:9-60:20
73            android:name="com.google.mlkit.vision.demo.kotlin.ChooserActivity"
73-->src\main\AndroidManifest.xml:58:13-51
74            android:exported="true" >
74-->src\main\AndroidManifest.xml:59:13-36
75        </activity>
76        <activity
76-->src\main\AndroidManifest.xml:62:9-66:20
77            android:name="com.google.mlkit.vision.demo.kotlin.LivePreviewActivity"
77-->src\main\AndroidManifest.xml:63:13-55
78            android:exported="true"
78-->src\main\AndroidManifest.xml:64:13-36
79            android:theme="@style/AppTheme" >
79-->src\main\AndroidManifest.xml:65:13-44
80        </activity>
81        <activity
81-->src\main\AndroidManifest.xml:68:9-72:20
82            android:name="com.google.mlkit.vision.demo.kotlin.CameraXLivePreviewActivity"
82-->src\main\AndroidManifest.xml:69:13-62
83            android:exported="true"
83-->src\main\AndroidManifest.xml:70:13-36
84            android:theme="@style/AppTheme" >
84-->src\main\AndroidManifest.xml:71:13-44
85        </activity>
86        <activity
86-->src\main\AndroidManifest.xml:74:9-78:20
87            android:name="com.google.mlkit.vision.demo.kotlin.CameraXSourceDemoActivity"
87-->src\main\AndroidManifest.xml:75:13-61
88            android:exported="true"
88-->src\main\AndroidManifest.xml:76:13-36
89            android:theme="@style/AppTheme" >
89-->src\main\AndroidManifest.xml:77:13-44
90        </activity>
91        <activity
91-->src\main\AndroidManifest.xml:80:9-83:20
92            android:name="com.google.mlkit.vision.demo.kotlin.SelectDevice"
92-->src\main\AndroidManifest.xml:81:13-48
93            android:exported="false" >
93-->src\main\AndroidManifest.xml:82:13-37
94        </activity>
95        <activity
95-->src\main\AndroidManifest.xml:85:9-88:20
96            android:name="com.google.mlkit.vision.demo.kotlin.Bluetooth"
96-->src\main\AndroidManifest.xml:86:13-45
97            android:exported="false" >
97-->src\main\AndroidManifest.xml:87:13-37
98        </activity>
99        <activity
99-->src\main\AndroidManifest.xml:90:9-94:20
100            android:name="com.google.mlkit.vision.demo.kotlin.StillImageActivity"
100-->src\main\AndroidManifest.xml:91:13-54
101            android:exported="true"
101-->src\main\AndroidManifest.xml:92:13-36
102            android:theme="@style/AppTheme" >
102-->src\main\AndroidManifest.xml:93:13-44
103        </activity>
104        <activity
104-->src\main\AndroidManifest.xml:96:9-98:39
105            android:name="com.google.mlkit.vision.demo.preference.SettingsActivity"
105-->src\main\AndroidManifest.xml:97:13-56
106            android:exported="false" />
106-->src\main\AndroidManifest.xml:98:13-37
107
108        <service
108-->[com.google.mlkit:object-detection:16.2.8] AndroidManifest.xml:11:9-17:19
109            android:name="com.google.mlkit.common.internal.MlKitComponentDiscoveryService"
109-->[com.google.mlkit:object-detection:16.2.8] AndroidManifest.xml:12:13-91
110            android:directBootAware="true"
110-->[com.google.mlkit:common:17.5.0] AndroidManifest.xml:17:13-43
111            android:exported="false" >
111-->[com.google.mlkit:object-detection:16.2.8] AndroidManifest.xml:13:13-37
112            <meta-data
112-->[com.google.mlkit:object-detection:16.2.8] AndroidManifest.xml:14:13-16:85
113                android:name="com.google.firebase.components:com.google.mlkit.vision.objects.defaults.internal.DefaultObjectsRegistrar"
113-->[com.google.mlkit:object-detection:16.2.8] AndroidManifest.xml:15:17-136
114                android:value="com.google.firebase.components.ComponentRegistrar" />
114-->[com.google.mlkit:object-detection:16.2.8] AndroidManifest.xml:16:17-82
115            <meta-data
115-->[com.google.mlkit:object-detection-custom:16.3.4] AndroidManifest.xml:11:13-13:85
116                android:name="com.google.firebase.components:com.google.mlkit.vision.objects.custom.internal.CustomObjectsRegistrar"
116-->[com.google.mlkit:object-detection-custom:16.3.4] AndroidManifest.xml:12:17-133
117                android:value="com.google.firebase.components.ComponentRegistrar" />
117-->[com.google.mlkit:object-detection-custom:16.3.4] AndroidManifest.xml:13:17-82
118            <meta-data
118-->[com.google.mlkit:image-labeling:17.0.6] AndroidManifest.xml:11:13-13:85
119                android:name="com.google.firebase.components:com.google.mlkit.vision.label.defaults.internal.BundledLabelRegistrar"
119-->[com.google.mlkit:image-labeling:17.0.6] AndroidManifest.xml:12:17-132
120                android:value="com.google.firebase.components.ComponentRegistrar" />
120-->[com.google.mlkit:image-labeling:17.0.6] AndroidManifest.xml:13:17-82
121            <meta-data
121-->[com.google.mlkit:image-labeling-custom:17.0.0] AndroidManifest.xml:11:13-13:85
122                android:name="com.google.firebase.components:com.google.mlkit.vision.label.custom.internal.CustomLabelRegistrar"
122-->[com.google.mlkit:image-labeling-custom:17.0.0] AndroidManifest.xml:12:17-129
123                android:value="com.google.firebase.components.ComponentRegistrar" />
123-->[com.google.mlkit:image-labeling-custom:17.0.0] AndroidManifest.xml:13:17-82
124            <meta-data
124-->[com.google.mlkit:segmentation-selfie:16.0.0-beta3] AndroidManifest.xml:12:13-14:85
125                android:name="com.google.firebase.components:com.google.mlkit.vision.segmentation.internal.SegmentationRegistrar"
125-->[com.google.mlkit:segmentation-selfie:16.0.0-beta3] AndroidManifest.xml:13:17-130
126                android:value="com.google.firebase.components.ComponentRegistrar" />
126-->[com.google.mlkit:segmentation-selfie:16.0.0-beta3] AndroidManifest.xml:14:17-82
127            <meta-data
127-->[com.google.android.gms:play-services-mlkit-barcode-scanning:17.0.0] AndroidManifest.xml:12:13-14:85
128                android:name="com.google.firebase.components:com.google.mlkit.vision.barcode.internal.BarcodeRegistrar"
128-->[com.google.android.gms:play-services-mlkit-barcode-scanning:17.0.0] AndroidManifest.xml:13:17-120
129                android:value="com.google.firebase.components.ComponentRegistrar" />
129-->[com.google.android.gms:play-services-mlkit-barcode-scanning:17.0.0] AndroidManifest.xml:14:17-82
130            <meta-data
130-->[com.google.mlkit:vision-internal-vkp:18.2.1] AndroidManifest.xml:14:13-16:85
131                android:name="com.google.firebase.components:com.google.mlkit.vision.vkp.VkpRegistrar"
131-->[com.google.mlkit:vision-internal-vkp:18.2.1] AndroidManifest.xml:15:17-103
132                android:value="com.google.firebase.components.ComponentRegistrar" />
132-->[com.google.mlkit:vision-internal-vkp:18.2.1] AndroidManifest.xml:16:17-82
133            <meta-data
133-->[com.google.android.gms:play-services-mlkit-face-detection:16.2.1] AndroidManifest.xml:12:13-14:85
134                android:name="com.google.firebase.components:com.google.mlkit.vision.face.internal.FaceRegistrar"
134-->[com.google.android.gms:play-services-mlkit-face-detection:16.2.1] AndroidManifest.xml:13:17-114
135                android:value="com.google.firebase.components.ComponentRegistrar" />
135-->[com.google.android.gms:play-services-mlkit-face-detection:16.2.1] AndroidManifest.xml:14:17-82
136            <meta-data
136-->[com.google.android.gms:play-services-mlkit-text-recognition-common:16.1.0] AndroidManifest.xml:12:13-14:85
137                android:name="com.google.firebase.components:com.google.mlkit.vision.text.internal.TextRegistrar"
137-->[com.google.android.gms:play-services-mlkit-text-recognition-common:16.1.0] AndroidManifest.xml:13:17-114
138                android:value="com.google.firebase.components.ComponentRegistrar" />
138-->[com.google.android.gms:play-services-mlkit-text-recognition-common:16.1.0] AndroidManifest.xml:14:17-82
139            <meta-data
139-->[com.google.mlkit:pose-detection-common:17.1.0-beta6] AndroidManifest.xml:14:13-16:85
140                android:name="com.google.firebase.components:com.google.mlkit.vision.pose.internal.PoseRegistrar"
140-->[com.google.mlkit:pose-detection-common:17.1.0-beta6] AndroidManifest.xml:15:17-114
141                android:value="com.google.firebase.components.ComponentRegistrar" />
141-->[com.google.mlkit:pose-detection-common:17.1.0-beta6] AndroidManifest.xml:16:17-82
142            <meta-data
142-->[com.google.mlkit:vision-common:16.7.0] AndroidManifest.xml:12:13-14:85
143                android:name="com.google.firebase.components:com.google.mlkit.vision.common.internal.VisionCommonRegistrar"
143-->[com.google.mlkit:vision-common:16.7.0] AndroidManifest.xml:13:17-124
144                android:value="com.google.firebase.components.ComponentRegistrar" />
144-->[com.google.mlkit:vision-common:16.7.0] AndroidManifest.xml:14:17-82
145            <meta-data
145-->[com.google.mlkit:common:17.5.0] AndroidManifest.xml:20:13-22:85
146                android:name="com.google.firebase.components:com.google.mlkit.common.internal.CommonComponentRegistrar"
146-->[com.google.mlkit:common:17.5.0] AndroidManifest.xml:21:17-120
147                android:value="com.google.firebase.components.ComponentRegistrar" />
147-->[com.google.mlkit:common:17.5.0] AndroidManifest.xml:22:17-82
148        </service>
149
150        <provider
150-->[com.google.mlkit:common:17.5.0] AndroidManifest.xml:9:9-13:38
151            android:name="com.google.mlkit.common.internal.MlKitInitProvider"
151-->[com.google.mlkit:common:17.5.0] AndroidManifest.xml:10:13-78
152            android:authorities="com.google.mlkit.vision.demo.mlkitinitprovider"
152-->[com.google.mlkit:common:17.5.0] AndroidManifest.xml:11:13-69
153            android:exported="false"
153-->[com.google.mlkit:common:17.5.0] AndroidManifest.xml:12:13-37
154            android:initOrder="99" />
154-->[com.google.mlkit:common:17.5.0] AndroidManifest.xml:13:13-35
155
156        <activity
156-->[com.google.android.gms:play-services-base:17.6.0] AndroidManifest.xml:23:9-26:75
157            android:name="com.google.android.gms.common.api.GoogleApiActivity"
157-->[com.google.android.gms:play-services-base:17.6.0] AndroidManifest.xml:24:13-79
158            android:exported="false"
158-->[com.google.android.gms:play-services-base:17.6.0] AndroidManifest.xml:25:13-37
159            android:theme="@android:style/Theme.Translucent.NoTitleBar" />
159-->[com.google.android.gms:play-services-base:17.6.0] AndroidManifest.xml:26:13-72
160
161        <service
161-->[com.google.android.datatransport:transport-backend-cct:2.3.3] AndroidManifest.xml:29:9-35:19
162            android:name="com.google.android.datatransport.runtime.backends.TransportBackendDiscovery"
162-->[com.google.android.datatransport:transport-backend-cct:2.3.3] AndroidManifest.xml:30:13-103
163            android:exported="false" >
163-->[com.google.android.datatransport:transport-backend-cct:2.3.3] AndroidManifest.xml:31:13-37
164            <meta-data
164-->[com.google.android.datatransport:transport-backend-cct:2.3.3] AndroidManifest.xml:32:13-34:39
165                android:name="backend:com.google.android.datatransport.cct.CctBackendFactory"
165-->[com.google.android.datatransport:transport-backend-cct:2.3.3] AndroidManifest.xml:33:17-94
166                android:value="cct" />
166-->[com.google.android.datatransport:transport-backend-cct:2.3.3] AndroidManifest.xml:34:17-36
167        </service>
168        <service
168-->[com.google.android.datatransport:transport-runtime:2.2.6] AndroidManifest.xml:26:9-30:19
169            android:name="com.google.android.datatransport.runtime.scheduling.jobscheduling.JobInfoSchedulerService"
169-->[com.google.android.datatransport:transport-runtime:2.2.6] AndroidManifest.xml:27:13-117
170            android:exported="false"
170-->[com.google.android.datatransport:transport-runtime:2.2.6] AndroidManifest.xml:28:13-37
171            android:permission="android.permission.BIND_JOB_SERVICE" >
171-->[com.google.android.datatransport:transport-runtime:2.2.6] AndroidManifest.xml:29:13-69
172        </service>
173
174        <receiver
174-->[com.google.android.datatransport:transport-runtime:2.2.6] AndroidManifest.xml:32:9-34:40
175            android:name="com.google.android.datatransport.runtime.scheduling.jobscheduling.AlarmManagerSchedulerBroadcastReceiver"
175-->[com.google.android.datatransport:transport-runtime:2.2.6] AndroidManifest.xml:33:13-132
176            android:exported="false" />
176-->[com.google.android.datatransport:transport-runtime:2.2.6] AndroidManifest.xml:34:13-37
177
178        <provider
178-->[androidx.lifecycle:lifecycle-process:2.1.0] AndroidManifest.xml:23:9-27:43
179            android:name="androidx.lifecycle.ProcessLifecycleOwnerInitializer"
179-->[androidx.lifecycle:lifecycle-process:2.1.0] AndroidManifest.xml:24:13-79
180            android:authorities="com.google.mlkit.vision.demo.lifecycle-process"
180-->[androidx.lifecycle:lifecycle-process:2.1.0] AndroidManifest.xml:25:13-69
181            android:exported="false"
181-->[androidx.lifecycle:lifecycle-process:2.1.0] AndroidManifest.xml:26:13-37
182            android:multiprocess="true" />
182-->[androidx.lifecycle:lifecycle-process:2.1.0] AndroidManifest.xml:27:13-40
183    </application>
184
185</manifest>